File: D:\Code\UberBaby\mag\mag\mapie.ubk opened at 04:21:59PM Sunday  May 20  2001
No Comments
Book opened for 0:00:50
Program active for 0:00:53
Program exited at 04:22:49PM Sunday  May 20  2001
File: D:\Code\UberBaby\mag\mag\mapie.ubk opened at 04:24:01PM Sunday  May 20  2001
No Comments
Book opened for 0:00:06
Program active for 0:00:12
Program exited at 04:24:07PM Sunday  May 20  2001
File: D:\Code\UberBaby\mag\mag\mapie.ubk opened at 04:24:14PM Sunday  May 20  2001
No Comments
Book opened for 0:00:17
Program active for 0:00:22
Program exited at 04:24:31PM Sunday  May 20  2001
File: C:\DATA\Wordfilz2\PatentPlus\JamieTestSoftware\mag\mag\mapie.ubk opened at 05:43:50PM Sunday  May 20  2001
It's a classic, so who could complain?
Book opened for 0:04:10
Program active for 0:04:26
Program exited at 05:48:00PM Sunday  May 20  2001
File: C:\DATA\Wordfilz2\PatentPlus\JamieTestSoftware\mag\mag\mapie.ubk opened at 06:01:22PM Sunday  May 20  2001
No Comments
Book opened for 0:04:10
File: C:\DATA\Wordfilz2\PatentPlus\JamieTestSoftware\mag\mag\mapie.ubk opened at 06:05:38PM Sunday  May 20  2001
No Comments
Book opened for 0:02:48
Program active for 0:07:26
Program exited at 06:08:26PM Sunday  May 20  2001
File: C:\DATA\Wordfilz2\PatentPlus\JamieTestSoftware\mag\mag\mapie.ubk opened at 02:14:50PM Tuesday  August 28  2001
No Comments
Book opened for 0:03:56
